  Building Custom Rule C:/ogz-source-master-LITE/src/sdk/libsodium/CMakeLists.txt
  aead_aes256gcm_aesni.c
  aead_chacha20poly1305.c
  aead_xchacha20poly1305.c
  crypto_auth.c
  auth_hmacsha256.c
  auth_hmacsha512.c
  auth_hmacsha512256.c
  crypto_box.c
  crypto_box_easy.c
  crypto_box_seal.c
  box_curve25519xchacha20poly1305.c
  box_seal_curve25519xchacha20poly1305.c
  box_curve25519xsalsa20poly1305.c
  curve25519_ref10.c
  core_hchacha20.c
  core_hsalsa20.c
  core_hsalsa20_ref2.c
  core_salsa_ref.c
  generichash_blake2.c
  blake2b-compress-avx2.c
  Generando código...
  Compilando...
  blake2b-compress-ref.c
  blake2b-compress-sse41.c
  blake2b-compress-ssse3.c
  blake2b-ref.c
  generichash_blake2b.c
  crypto_generichash.c
  crypto_hash.c
  hash_sha256_cp.c
  hash_sha256.c
  hash_sha512_cp.c
  hash_sha512.c
  kdf_blake2b.c
  crypto_kdf.c
  crypto_kx.c
  crypto_onetimeauth.c
  poly1305_donna.c
  onetimeauth_poly1305.c
  poly1305_sse2.c
  argon2-core.c
  argon2-encoding.c
  Generando código...
  Compilando...
  argon2-fill-block-avx2.c
  argon2-fill-block-avx512f.c
  argon2-fill-block-ref.c
  argon2-fill-block-ssse3.c
  argon2.c
  blake2b-long.c
  pwhash_argon2i.c
  pwhash_argon2id.c
  crypto_pwhash.c
  crypto_scrypt-common.c
  pwhash_scryptsalsa208sha256_nosse.c
  pbkdf2-sha256.c
  pwhash_scryptsalsa208sha256.c
  scrypt_platform.c
  pwhash_scryptsalsa208sha256_sse.c
  crypto_scalarmult.c
  curve25519_donna_c64.c
  x25519_ref10.c
  curve25519_sandy2x.c
  fe51_invert.c
  Generando código...
  Compilando...
  fe_frombytes_sandy2x.c
  scalarmult_curve25519.c
  crypto_secretbox.c
  crypto_secretbox_easy.c
  secretbox_xchacha20poly1305.c
  secretbox_xsalsa20poly1305.c
  secretstream_xchacha20poly1305.c
  crypto_shorthash.c
  shorthash_siphash24_ref.c
  shorthash_siphashx24_ref.c
  shorthash_siphash24.c
  shorthash_siphashx24.c
  crypto_sign.c
  keypair.c
  obsolete.c
  open.c
  sign.c
  sign_ed25519.c
  chacha20_dolbeau-avx2.c
  chacha20_dolbeau-ssse3.c
  Generando código...
  Compilando...
  chacha20_ref.c
  stream_chacha20.c
  crypto_stream.c
  salsa20_ref.c
  stream_salsa20.c
  salsa20_xmm6.c
  salsa20_xmm6int-avx2.c
  salsa20_xmm6int-sse2.c
  stream_salsa2012_ref.c
  stream_salsa2012.c
  stream_salsa208_ref.c
  stream_salsa208.c
  stream_xchacha20.c
  stream_xsalsa20.c
  verify.c
  randombytes_nativeclient.c
  randombytes.c
  randombytes_salsa20_random.c
  randombytes_sysrandom.c
  codecs.c
  Generando código...
  Compilando...
  core.c
  runtime.c
  utils.c
  version.c
  Generando código...
  sodium.vcxproj -> C:\ogz-source-master-LITE\build\win32\lib\Release\sodium.lib
