  Gunz_lib_ORIGINAL_CXX_unity.cxx
C:\ogz-source-master-LITE\src\Gunz\ZCombatInterface.cpp(1503,3): error C2065: 'MQuestGameInfo': identificador no declarado
  (compilando archivo de origen "Release/cotire/Gunz_lib_ORIGINAL_CXX_unity.cxx")
  
C:\ogz-source-master-LITE\src\Gunz\ZCombatInterface.cpp(1503,19): error C2065: 'pGameInfo': identificador no declarado
  (compilando archivo de origen "Release/cotire/Gunz_lib_ORIGINAL_CXX_unity.cxx")
  
C:\ogz-source-master-LITE\src\Gunz\ZCombatInterface.cpp(1504,61): error C2065: 'pGameInfo': identificador no declarado
  (compilando archivo de origen "Release/cotire/Gunz_lib_ORIGINAL_CXX_unity.cxx")
  
C:\ogz-source-master-LITE\src\Gunz\ZCombatInterface.cpp(1504,88): error C2065: 'pGameInfo': identificador no declarado
  (compilando archivo de origen "Release/cotire/Gunz_lib_ORIGINAL_CXX_unity.cxx")
  
C:\ogz-source-master-LITE\src\Gunz\ZCombatInterface.cpp(1574,3): error C2065: 'MQuestGameInfo': identificador no declarado
  (compilando archivo de origen "Release/cotire/Gunz_lib_ORIGINAL_CXX_unity.cxx")
  
C:\ogz-source-master-LITE\src\Gunz\ZCombatInterface.cpp(1574,19): error C2065: 'pGameInfo': identificador no declarado
  (compilando archivo de origen "Release/cotire/Gunz_lib_ORIGINAL_CXX_unity.cxx")
  
C:\ogz-source-master-LITE\src\Gunz\ZCombatInterface.cpp(1575,66): error C2065: 'pGameInfo': identificador no declarado
  (compilando archivo de origen "Release/cotire/Gunz_lib_ORIGINAL_CXX_unity.cxx")
  
C:\ogz-source-master-LITE\src\Gunz\ZCombatInterface.cpp(1575,103): error C2065: 'pGameInfo': identificador no declarado
  (compilando archivo de origen "Release/cotire/Gunz_lib_ORIGINAL_CXX_unity.cxx")
  
C:\ogz-source-master-LITE\src\Gunz\ZGame.cpp(419,3): error C2065: 'MQuestGameInfo': identificador no declarado
  (compilando archivo de origen "Release/cotire/Gunz_lib_ORIGINAL_CXX_unity.cxx")
  
C:\ogz-source-master-LITE\src\Gunz\ZGame.cpp(419,19): error C2065: 'pGameInfo': identificador no declarado
  (compilando archivo de origen "Release/cotire/Gunz_lib_ORIGINAL_CXX_unity.cxx")
  
C:\ogz-source-master-LITE\src\Gunz\ZGame.cpp(420,23): error C2065: 'pGameInfo': identificador no declarado
  (compilando archivo de origen "Release/cotire/Gunz_lib_ORIGINAL_CXX_unity.cxx")
  
C:\ogz-source-master-LITE\src\Gunz\ZGame.cpp(422,58): error C2065: 'pGameInfo': identificador no declarado
  (compilando archivo de origen "Release/cotire/Gunz_lib_ORIGINAL_CXX_unity.cxx")
  
C:\ogz-source-master-LITE\src\Gunz\ZGame.cpp(530,15): error C2374: 'pGameClient': nueva definición; inicialización múltiple
  (compilando archivo de origen "Release/cotire/Gunz_lib_ORIGINAL_CXX_unity.cxx")
      C:\ogz-source-master-LITE\src\Gunz\ZGame.cpp(402,15):
      vea la declaración de 'pGameClient'
  
C:\ogz-source-master-LITE\src\Gunz\ZGame.cpp(530,15): error C2086: 'ZGameClient *pGameClient': nueva definición
  (compilando archivo de origen "Release/cotire/Gunz_lib_ORIGINAL_CXX_unity.cxx")
      C:\ogz-source-master-LITE\src\Gunz\ZGame.cpp(402,15):
      vea la declaración de 'pGameClient'
  
C:\ogz-source-master-LITE\src\Gunz\ZGameInterface.cpp(3146,55): error C2065: 'MERR_INVALID_ITEM': identificador no declarado
  (compilando archivo de origen "Release/cotire/Gunz_lib_ORIGINAL_CXX_unity.cxx")
  
C:\ogz-source-master-LITE\src\Gunz\ZGameInterface.cpp(3152,55): error C2065: 'MERR_INVALID_ITEM': identificador no declarado
  (compilando archivo de origen "Release/cotire/Gunz_lib_ORIGINAL_CXX_unity.cxx")
  
C:\ogz-source-master-LITE\src\Gunz\ZGameInterface.cpp(3164,56): error C2065: 'MERR_INVALID_ITEM': identificador no declarado
  (compilando archivo de origen "Release/cotire/Gunz_lib_ORIGINAL_CXX_unity.cxx")
  
C:\ogz-source-master-LITE\src\Gunz\ZGameInterface.cpp(3175,55): error C2065: 'MERR_INVALID_ITEM': identificador no declarado
  (compilando archivo de origen "Release/cotire/Gunz_lib_ORIGINAL_CXX_unity.cxx")
  
